2025-08-15 13:35:18,122 DEBUG    root            Loaded Command Group: ['gcloud', 'components']
2025-08-15 13:35:18,125 DEBUG    root            Loaded Command Group: ['gcloud', 'components', 'update']
2025-08-15 13:35:18,126 DEBUG    root            Running [gcloud.components.update] with arguments: [--quiet: "True", COMPONENT-IDS:8: "['gcloud', 'core', 'bq', 'gsutil', 'compute', 'preview', 'alpha', 'beta']"]
2025-08-15 13:35:18,127 INFO     ___FILE_ONLY___ Beginning update. This process may take several minutes.

2025-08-15 13:35:18,136 DEBUG    urllib3.connectionpool Starting new HTTPS connection (1): dl.google.com:443
2025-08-15 13:35:19,034 DEBUG    urllib3.connectionpool https://dl.google.com:443 "GET /dl/cloudsdk/channels/rapid/components-2.json HTTP/11" 200 233150
2025-08-15 13:35:19,048 WARNING  root            Component [compute] no longer exists.
2025-08-15 13:35:19,049 INFO     ___FILE_ONLY___ 

2025-08-15 13:35:19,049 INFO     ___FILE_ONLY___ 
Your current Google Cloud CLI version is: 534.0.0

2025-08-15 13:35:19,049 INFO     ___FILE_ONLY___ Installing components from version: 534.0.0

2025-08-15 13:35:19,049 INFO     ___FILE_ONLY___ 

2025-08-15 13:35:19,049 DEBUG    root            Chosen display Format:table[box,title="These components will be removed."](details.display_name:label=Name:align=left,version.version_string:label=Version:align=right,data.size.size(zero="",min=1048576):label=Size:align=right)
2025-08-15 13:35:19,050 DEBUG    root            Chosen display Format:table[box,title="These components will be updated."](details.display_name:label=Name:align=left,version.version_string:label=Version:align=right,data.size.size(zero="",min=1048576):label=Size:align=right)
2025-08-15 13:35:19,050 DEBUG    root            Chosen display Format:table[box,title="These components will be installed."](details.display_name:label=Name:align=left,version.version_string:label=Version:align=right,data.size.size(zero="",min=1048576):label=Size:align=right)
2025-08-15 13:35:19,064 INFO     ___FILE_ONLY___ ┌────────────────────────────────────────────────┐
2025-08-15 13:35:19,064 INFO     ___FILE_ONLY___ 

2025-08-15 13:35:19,064 INFO     ___FILE_ONLY___ │      These components will be installed.       │
2025-08-15 13:35:19,064 INFO     ___FILE_ONLY___ 

2025-08-15 13:35:19,064 INFO     ___FILE_ONLY___ ├─────────────────────────┬────────────┬─────────┤
2025-08-15 13:35:19,065 INFO     ___FILE_ONLY___ 

2025-08-15 13:35:19,065 INFO     ___FILE_ONLY___ │           Name          │  Version   │   Size  │
2025-08-15 13:35:19,065 INFO     ___FILE_ONLY___ 

2025-08-15 13:35:19,065 INFO     ___FILE_ONLY___ ├─────────────────────────┼────────────┼─────────┤
2025-08-15 13:35:19,065 INFO     ___FILE_ONLY___ 

2025-08-15 13:35:19,065 INFO     ___FILE_ONLY___ │ 
2025-08-15 13:35:19,065 INFO     ___FILE_ONLY___ gcloud Alpha Commands  
2025-08-15 13:35:19,065 INFO     ___FILE_ONLY___  
2025-08-15 13:35:19,065 INFO     ___FILE_ONLY___ │ 
2025-08-15 13:35:19,065 INFO     ___FILE_ONLY___ 2025.08.08
2025-08-15 13:35:19,065 INFO     ___FILE_ONLY___  
2025-08-15 13:35:19,065 INFO     ___FILE_ONLY___ │ 
2025-08-15 13:35:19,065 INFO     ___FILE_ONLY___ < 1 MiB
2025-08-15 13:35:19,065 INFO     ___FILE_ONLY___  
2025-08-15 13:35:19,065 INFO     ___FILE_ONLY___ │
2025-08-15 13:35:19,065 INFO     ___FILE_ONLY___ 

2025-08-15 13:35:19,065 INFO     ___FILE_ONLY___ │ 
2025-08-15 13:35:19,065 INFO     ___FILE_ONLY___ gcloud Beta Commands   
2025-08-15 13:35:19,065 INFO     ___FILE_ONLY___  
2025-08-15 13:35:19,065 INFO     ___FILE_ONLY___ │ 
2025-08-15 13:35:19,065 INFO     ___FILE_ONLY___ 2025.08.08
2025-08-15 13:35:19,066 INFO     ___FILE_ONLY___  
2025-08-15 13:35:19,066 INFO     ___FILE_ONLY___ │ 
2025-08-15 13:35:19,066 INFO     ___FILE_ONLY___ < 1 MiB
2025-08-15 13:35:19,066 INFO     ___FILE_ONLY___  
2025-08-15 13:35:19,066 INFO     ___FILE_ONLY___ │
2025-08-15 13:35:19,066 INFO     ___FILE_ONLY___ 

2025-08-15 13:35:19,066 INFO     ___FILE_ONLY___ │ 
2025-08-15 13:35:19,066 INFO     ___FILE_ONLY___ gcloud Preview Commands
2025-08-15 13:35:19,066 INFO     ___FILE_ONLY___  
2025-08-15 13:35:19,066 INFO     ___FILE_ONLY___ │ 
2025-08-15 13:35:19,066 INFO     ___FILE_ONLY___           
2025-08-15 13:35:19,066 INFO     ___FILE_ONLY___  
2025-08-15 13:35:19,066 INFO     ___FILE_ONLY___ │ 
2025-08-15 13:35:19,066 INFO     ___FILE_ONLY___ < 1 MiB
2025-08-15 13:35:19,066 INFO     ___FILE_ONLY___  
2025-08-15 13:35:19,066 INFO     ___FILE_ONLY___ │
2025-08-15 13:35:19,066 INFO     ___FILE_ONLY___ 

2025-08-15 13:35:19,066 INFO     ___FILE_ONLY___ └─────────────────────────┴────────────┴─────────┘
2025-08-15 13:35:19,066 INFO     ___FILE_ONLY___ 

2025-08-15 13:35:19,066 INFO     ___FILE_ONLY___ 

2025-08-15 13:35:19,070 DEBUG    urllib3.connectionpool Starting new HTTPS connection (1): dl.google.com:443
2025-08-15 13:35:20,030 DEBUG    urllib3.connectionpool https://dl.google.com:443 "GET /dl/cloudsdk/channels/rapid/RELEASE_NOTES HTTP/11" 200 1464830
2025-08-15 13:35:20,508 INFO     ___FILE_ONLY___ For the latest full release notes, please visit:
  https://cloud.google.com/sdk/release_notes


2025-08-15 13:35:20,508 INFO     ___FILE_ONLY___ Performing in place update...


2025-08-15 13:35:20,510 INFO     ___FILE_ONLY___ ╔════════════════════════════════════════════════════════════╗

2025-08-15 13:35:20,510 INFO     ___FILE_ONLY___ ╠═ Downloading: gcloud Alpha Commands                       ═╣

2025-08-15 13:35:20,510 INFO     ___FILE_ONLY___ ╚
2025-08-15 13:35:20,514 DEBUG    urllib3.connectionpool Starting new HTTPS connection (1): dl.google.com:443
2025-08-15 13:35:21,447 DEBUG    urllib3.connectionpool https://dl.google.com:443 "GET /dl/cloudsdk/channels/rapid/components/google-cloud-sdk-alpha-20250808155822.tar.gz HTTP/11" 200 800
2025-08-15 13:35:21,447 INFO     ___FILE_ONLY___ ════════════════════════════════════════════════════════════
2025-08-15 13:35:21,448 INFO     ___FILE_ONLY___ ╝

2025-08-15 13:35:21,450 INFO     ___FILE_ONLY___ ╔════════════════════════════════════════════════════════════╗

2025-08-15 13:35:21,450 INFO     ___FILE_ONLY___ ╠═ Downloading: gcloud Beta Commands                        ═╣

2025-08-15 13:35:21,450 INFO     ___FILE_ONLY___ ╚
2025-08-15 13:35:21,453 DEBUG    urllib3.connectionpool Starting new HTTPS connection (1): dl.google.com:443
2025-08-15 13:35:21,618 DEBUG    urllib3.connectionpool https://dl.google.com:443 "GET /dl/cloudsdk/channels/rapid/components/google-cloud-sdk-beta-20250808155822.tar.gz HTTP/11" 200 797
2025-08-15 13:35:21,618 INFO     ___FILE_ONLY___ ════════════════════════════════════════════════════════════
2025-08-15 13:35:21,619 INFO     ___FILE_ONLY___ ╝

2025-08-15 13:35:21,621 INFO     ___FILE_ONLY___ ╔════════════════════════════════════════════════════════════╗

2025-08-15 13:35:21,621 INFO     ___FILE_ONLY___ ╠═ Downloading: gcloud Preview Commands                     ═╣

2025-08-15 13:35:21,621 INFO     ___FILE_ONLY___ ╚
2025-08-15 13:35:21,624 DEBUG    urllib3.connectionpool Starting new HTTPS connection (1): dl.google.com:443
2025-08-15 13:35:22,599 DEBUG    urllib3.connectionpool https://dl.google.com:443 "GET /dl/cloudsdk/channels/rapid/components/google-cloud-sdk-preview-20241115154308.tar.gz HTTP/11" 200 823
2025-08-15 13:35:22,600 INFO     ___FILE_ONLY___ ════════════════════════════════════════════════════════════
2025-08-15 13:35:22,600 INFO     ___FILE_ONLY___ ╝

2025-08-15 13:35:22,602 INFO     ___FILE_ONLY___ ╔════════════════════════════════════════════════════════════╗

2025-08-15 13:35:22,602 INFO     ___FILE_ONLY___ ╠═ Installing: gcloud Alpha Commands                        ═╣

2025-08-15 13:35:22,602 INFO     ___FILE_ONLY___ ╚
2025-08-15 13:35:22,603 INFO     ___FILE_ONLY___ ════════════════════════════════════════════════════════════
2025-08-15 13:35:22,603 INFO     ___FILE_ONLY___ ╝

2025-08-15 13:35:22,608 INFO     ___FILE_ONLY___ ╔════════════════════════════════════════════════════════════╗

2025-08-15 13:35:22,608 INFO     ___FILE_ONLY___ ╠═ Installing: gcloud Beta Commands                         ═╣

2025-08-15 13:35:22,608 INFO     ___FILE_ONLY___ ╚
2025-08-15 13:35:22,609 INFO     ___FILE_ONLY___ ════════════════════════════════════════════════════════════
2025-08-15 13:35:22,609 INFO     ___FILE_ONLY___ ╝

2025-08-15 13:35:22,614 INFO     ___FILE_ONLY___ ╔════════════════════════════════════════════════════════════╗

2025-08-15 13:35:22,614 INFO     ___FILE_ONLY___ ╠═ Installing: gcloud Preview Commands                      ═╣

2025-08-15 13:35:22,614 INFO     ___FILE_ONLY___ ╚
2025-08-15 13:35:22,615 INFO     ___FILE_ONLY___ ════════════════════════════════════════════════════════════
2025-08-15 13:35:22,615 INFO     ___FILE_ONLY___ ╝

2025-08-15 13:35:22,619 DEBUG    root            Updating notification cache...
2025-08-15 13:35:22,620 INFO     ___FILE_ONLY___ 

2025-08-15 13:35:22,622 INFO     ___FILE_ONLY___ Performing post processing steps...
2025-08-15 13:35:22,622 DEBUG    root            Executing command: ['/tools/google-cloud-sdk/bin/gcloud', 'components', 'post-process']
2025-08-15 13:35:32,118 DEBUG    ___FILE_ONLY___ 
2025-08-15 13:35:32,118 DEBUG    ___FILE_ONLY___ 
2025-08-15 13:35:32,148 INFO     root            descriptor_list: [{'universeDomain': 'googleapis.com', 'universeShortName': '', 'authenticationDomain': 'auth.cloud.google.com', 'projectPrefix': '', 'cloudWebDomain': 'cloud.google.com', 'documentationDomain': 'cloud.google.com', 'version': '1.0.0', 'state': 'primary', 'artifactRegistryDomain': 'pkg.dev'}]
2025-08-15 13:35:32,149 INFO     ___FILE_ONLY___ 
Update done!


2025-08-15 13:35:32,151 DEBUG    root            Chosen display Format:none
2025-08-15 13:35:32,151 INFO     root            Display format: "none"
